<?xml version="1.0" encoding="UTF-8"?>
<!-- Generated by org.testng.reporters.JUnitReportReporter -->
<testsuite skipped="0" hostname="Sagars-iMac.local" name="stringsPractice.GetCharAtspecificIndex" tests="1" failures="0" timestamp="23 Sep 2018 17:27:13 GMT" time="3.832" errors="0">
  <testcase name="getCharforStringChars" time="3.832" classname="stringsPractice.GetCharAtspecificIndex"/>
</testsuite> <!-- stringsPractice.GetCharAtspecificIndex -->
