<?xml version="1.0" encoding="UTF-8"?>
<!-- Generated by org.testng.reporters.JUnitReportReporter -->
<testsuite skipped="0" hostname="Sagars-iMac.local" name="readWriteExcel.ReadWriteUserNamePassword" tests="1" failures="0" timestamp="04 Aug 2018 02:52:41 GMT" time="1.545" errors="0">
  <testcase name="readWriteExcel" time="1.545" classname="readWriteExcel.ReadWriteUserNamePassword"/>
</testsuite> <!-- readWriteExcel.ReadWriteUserNamePassword -->
