<?xml version="1.0" encoding="UTF-8"?>
<!-- Generated by org.testng.reporters.JUnitReportReporter -->
<testsuite skipped="0" hostname="Sagars-iMac.local" name="stringsPractice.CharUnicodeAtGivenIndex" tests="1" failures="0" timestamp="23 Sep 2018 17:16:37 GMT" time="6.554" errors="0">
  <testcase name="checkCharUnicode" time="6.554" classname="stringsPractice.CharUnicodeAtGivenIndex"/>
</testsuite> <!-- stringsPractice.CharUnicodeAtGivenIndex -->
