<?xml version="1.0" encoding="UTF-8"?>
<!-- Generated by org.testng.reporters.JUnitReportReporter -->
<testsuite skipped="0" hostname="Sagars-iMac.local" name="stringExercises.GetCharAtIndex" tests="1" failures="0" timestamp="23 Sep 2018 18:01:34 GMT" time="10.118" errors="0">
  <testcase name="getChar" time="10.118" classname="stringExercises.GetCharAtIndex"/>
</testsuite> <!-- stringExercises.GetCharAtIndex -->
