<?xml version="1.0" encoding="UTF-8"?>
<!-- Generated by org.testng.reporters.JUnitReportReporter -->
<testsuite skipped="0" hostname="Sagars-iMac.local" name="stringsPractice.CharacterAtGivenIndex" tests="1" failures="0" timestamp="23 Sep 2018 16:50:52 GMT" time="9.516" errors="0">
  <testcase name="checkChar" time="9.516" classname="stringsPractice.CharacterAtGivenIndex"/>
</testsuite> <!-- stringsPractice.CharacterAtGivenIndex -->
